2022-08-23 12:44:39.098  INFO [PensionerDetailService,,] 9320 --- [restartedMain] .c.m.p.PensionerDetailServiceApplication : Starting PensionerDetailServiceApplication using Java 16.0.1 on LAPTOP-BT1OS2KM with PID 9320 (C:\STUDY\Microservice\springcloudprojectzip\Online\download - raw\pensioner-detail-service\target\classes started by SATHYA KUMAR M in C:\STUDY\Microservice\springcloudprojectzip\Online\download - raw\pensioner-detail-service)
2022-08-23 12:44:39.109  INFO [PensionerDetailService,,] 9320 --- [restartedMain] .c.m.p.PensionerDetailServiceApplication : No active profile set, falling back to 1 default profile: "default"
2022-08-23 12:44:39.275  INFO [PensionerDetailService,,] 9320 --- [restartedMain] .e.DevToolsPropertyDefaultsPostProcessor : Devtools property defaults active! Set 'spring.devtools.add-properties' to 'false' to disable
2022-08-23 12:44:39.277  INFO [PensionerDetailService,,] 9320 --- [restartedMain] .e.DevToolsPropertyDefaultsPostProcessor : For additional web related logging consider setting the 'logging.level.web' property to 'DEBUG'
2022-08-23 12:44:41.760  INFO [PensionerDetailService,,] 9320 --- [restartedMain] .s.d.r.c.RepositoryConfigurationDelegate : Bootstrapping Spring Data JPA repositories in DEFAULT mode.
2022-08-23 12:44:41.905  INFO [PensionerDetailService,,] 9320 --- [restartedMain] .s.d.r.c.RepositoryConfigurationDelegate : Finished Spring Data repository scanning in 127 ms. Found 1 JPA repository interfaces.
2022-08-23 12:44:42.720  INFO [PensionerDetailService,,] 9320 --- [restartedMain] o.s.cloud.context.scope.GenericScope     : BeanFactory id=37ddf45d-47ba-31a0-b366-04366f2874dc
2022-08-23 12:44:45.218  INFO [PensionerDetailService,,] 9320 --- [restartedMain] o.s.b.w.embedded.tomcat.TomcatWebServer  : Tomcat initialized with port(s): 9081 (http)
2022-08-23 12:44:45.242  INFO [PensionerDetailService,,] 9320 --- [restartedMain] o.apache.catalina.core.StandardService   : Starting service [Tomcat]
2022-08-23 12:44:45.243  INFO [PensionerDetailService,,] 9320 --- [restartedMain] org.apache.catalina.core.StandardEngine  : Starting Servlet engine: [Apache Tomcat/9.0.65]
2022-08-23 12:44:45.532  INFO [PensionerDetailService,,] 9320 --- [restartedMain] o.a.c.c.C.[Tomcat].[localhost].[/]       : Initializing Spring embedded WebApplicationContext
2022-08-23 12:44:45.532  INFO [PensionerDetailService,,] 9320 --- [restartedMain] w.s.c.ServletWebServerApplicationContext : Root WebApplicationContext: initialization completed in 6254 ms
2022-08-23 12:44:46.201  INFO [PensionerDetailService,,] 9320 --- [restartedMain] com.zaxxer.hikari.HikariDataSource       : HikariPool-1 - Starting...
2022-08-23 12:44:46.727  INFO [PensionerDetailService,,] 9320 --- [restartedMain] com.zaxxer.hikari.HikariDataSource       : HikariPool-1 - Start completed.
2022-08-23 12:44:46.749  INFO [PensionerDetailService,,] 9320 --- [restartedMain] o.s.b.a.h2.H2ConsoleAutoConfiguration    : H2 console available at '/h2-console'. Database available at 'jdbc:h2:mem:testDB'
2022-08-23 12:44:47.697  WARN [PensionerDetailService,,] 9320 --- [pool-2-thread-1] o.s.c.s.a.z.ZipkinAutoConfiguration      : Check result of the [RestTemplateSender{http://localhost:9411/api/v2/spans}] contains an error [CheckResult{ok=false, error=org.springframework.web.client.ResourceAccessException: I/O error on POST request for "http://localhost:9411/api/v2/spans": Connection refused: no further information; nested exception is java.net.ConnectException: Connection refused: no further information}]
2022-08-23 12:44:48.528  INFO [PensionerDetailService,,] 9320 --- [restartedMain] o.hibernate.jpa.internal.util.LogHelper  : HHH000204: Processing PersistenceUnitInfo [name: default]
2022-08-23 12:44:48.677  INFO [PensionerDetailService,,] 9320 --- [restartedMain] org.hibernate.Version                    : HHH000412: Hibernate ORM core version 5.6.10.Final
2022-08-23 12:44:49.109  INFO [PensionerDetailService,,] 9320 --- [restartedMain] o.hibernate.annotations.common.Version   : HCANN000001: Hibernate Commons Annotations {5.1.2.Final}
2022-08-23 12:44:49.414  INFO [PensionerDetailService,,] 9320 --- [restartedMain] org.hibernate.dialect.Dialect            : HHH000400: Using dialect: org.hibernate.dialect.H2Dialect
2022-08-23 12:44:50.810  INFO [PensionerDetailService,,] 9320 --- [restartedMain] o.h.e.t.j.p.i.JtaPlatformInitiator       : HHH000490: Using JtaPlatform implementation: [org.hibernate.engine.transaction.jta.platform.internal.NoJtaPlatform]
2022-08-23 12:44:50.840  INFO [PensionerDetailService,,] 9320 --- [restartedMain] j.LocalContainerEntityManagerFactoryBean : Initialized JPA EntityManagerFactory for persistence unit 'default'
2022-08-23 12:44:51.630  INFO [PensionerDetailService,,] 9320 --- [restartedMain] c.c.m.p.s.PensionarDetailServiceImpl     : STARTED - savePensionerData
2022-08-23 12:44:51.887  INFO [PensionerDetailService,,] 9320 --- [restartedMain] c.c.m.p.s.PensionarDetailServiceImpl     : END - savePensionerData
2022-08-23 12:44:52.146  WARN [PensionerDetailService,,] 9320 --- [restartedMain] JpaBaseConfiguration$JpaWebConfiguration : spring.jpa.open-in-view is enabled by default. Therefore, database queries may be performed during view rendering. Explicitly configure spring.jpa.open-in-view to disable this warning
2022-08-23 12:44:52.273  WARN [PensionerDetailService,,] 9320 --- [restartedMain] o.s.b.d.a.OptionalLiveReloadServer       : Unable to start LiveReload server
2022-08-23 12:44:54.473  INFO [PensionerDetailService,,] 9320 --- [restartedMain] o.s.b.a.e.web.EndpointLinksResolver      : Exposing 1 endpoint(s) beneath base path '/actuator'
2022-08-23 12:44:54.580  INFO [PensionerDetailService,,] 9320 --- [restartedMain] o.s.b.w.embedded.tomcat.TomcatWebServer  : Tomcat started on port(s): 9081 (http) with context path ''
2022-08-23 12:44:54.779  INFO [PensionerDetailService,,] 9320 --- [restartedMain] .c.m.p.PensionerDetailServiceApplication : Started PensionerDetailServiceApplication in 17.499 seconds (JVM running for 19.438)
2022-08-23 12:46:12.575  INFO [PensionerDetailService,f813ae0f1499f2f0,f813ae0f1499f2f0] 9320 --- [http-nio-9081-exec-1] o.a.c.c.C.[Tomcat].[localhost].[/]       : Initializing Spring DispatcherServlet 'dispatcherServlet'
2022-08-23 12:46:12.577  INFO [PensionerDetailService,f813ae0f1499f2f0,f813ae0f1499f2f0] 9320 --- [http-nio-9081-exec-1] o.s.web.servlet.DispatcherServlet        : Initializing Servlet 'dispatcherServlet'
2022-08-23 12:46:12.581  INFO [PensionerDetailService,f813ae0f1499f2f0,f813ae0f1499f2f0] 9320 --- [http-nio-9081-exec-1] o.s.web.servlet.DispatcherServlet        : Completed initialization in 3 ms
2022-08-23 12:46:12.684  INFO [PensionerDetailService,f813ae0f1499f2f0,f813ae0f1499f2f0] 9320 --- [http-nio-9081-exec-1] c.c.m.p.c.PensionerDetailsController     : STARTED - findByAadhaarNumber
2022-08-23 12:46:13.581  INFO [PensionerDetailService,f813ae0f1499f2f0,f813ae0f1499f2f0] 9320 --- [http-nio-9081-exec-1] c.c.m.p.c.PensionerDetailsController     : END - findByAadhaarNumber
2022-08-23 12:46:14.521  WARN [PensionerDetailService,,] 9320 --- [AsyncReporter{RestTemplateSender{http://localhost:9411/api/v2/spans}}] z.r.AsyncReporter$BoundedAsyncReporter   : Spans were dropped due to exceptions. All subsequent errors will be logged at FINE level.
2022-08-23 12:46:14.562  WARN [PensionerDetailService,,] 9320 --- [AsyncReporter{RestTemplateSender{http://localhost:9411/api/v2/spans}}] z.r.AsyncReporter$BoundedAsyncReporter   : Dropped 2 spans due to ResourceAccessException(I/O error on POST request for "http://localhost:9411/api/v2/spans": Connection refused: no further information; nested exception is java.net.ConnectException: Connection refused: no further information)

org.springframework.web.client.ResourceAccessException: I/O error on POST request for "http://localhost:9411/api/v2/spans": Connection refused: no further information; nested exception is java.net.ConnectException: Connection refused: no further information
	at org.springframework.web.client.RestTemplate.doExecute(RestTemplate.java:785) ~[spring-web-5.3.22.jar:5.3.22]
	at org.springframework.cloud.sleuth.zipkin2.ZipkinRestTemplateWrapper.doExecute(ZipkinRestTemplateWrapper.java:67) ~[spring-cloud-sleuth-zipkin-3.1.3.jar:3.1.3]
	at org.springframework.web.client.RestTemplate.exchange(RestTemplate.java:660) ~[spring-web-5.3.22.jar:5.3.22]
	at org.springframework.cloud.sleuth.zipkin2.RestTemplateSender.post(RestTemplateSender.java:51) ~[spring-cloud-sleuth-zipkin-3.1.3.jar:3.1.3]
	at org.springframework.cloud.sleuth.zipkin2.RestTemplateSender.lambda$new$0(RestTemplateSender.java:44) ~[spring-cloud-sleuth-zipkin-3.1.3.jar:3.1.3]
	at org.springframework.cloud.sleuth.zipkin2.HttpSender.post(HttpSender.java:137) ~[spring-cloud-sleuth-zipkin-3.1.3.jar:3.1.3]
	at org.springframework.cloud.sleuth.zipkin2.HttpSender$HttpPostCall.doExecute(HttpSender.java:150) ~[spring-cloud-sleuth-zipkin-3.1.3.jar:3.1.3]
	at org.springframework.cloud.sleuth.zipkin2.HttpSender$HttpPostCall.doExecute(HttpSender.java:140) ~[spring-cloud-sleuth-zipkin-3.1.3.jar:3.1.3]
	at zipkin2.Call$Base.execute(Call.java:391) ~[zipkin-2.23.2.jar:na]
	at zipkin2.reporter.AsyncReporter$BoundedAsyncReporter.flush(AsyncReporter.java:299) ~[zipkin-reporter-2.16.3.jar:na]
	at zipkin2.reporter.AsyncReporter$Flusher.run(AsyncReporter.java:378) ~[zipkin-reporter-2.16.3.jar:na]
	at java.base/java.lang.Thread.run(Thread.java:831) ~[na:na]
Caused by: java.net.ConnectException: Connection refused: no further information
	at java.base/sun.nio.ch.Net.pollConnect(Native Method) ~[na:na]
	at java.base/sun.nio.ch.Net.pollConnectNow(Net.java:669) ~[na:na]
	at java.base/sun.nio.ch.NioSocketImpl.timedFinishConnect(NioSocketImpl.java:542) ~[na:na]
	at java.base/sun.nio.ch.NioSocketImpl.connect(NioSocketImpl.java:597) ~[na:na]
	at java.base/java.net.Socket.connect(Socket.java:645) ~[na:na]
	at java.base/sun.net.NetworkClient.doConnect(NetworkClient.java:177) ~[na:na]
	at java.base/sun.net.www.http.HttpClient.openServer(HttpClient.java:497) ~[na:na]
	at java.base/sun.net.www.http.HttpClient.openServer(HttpClient.java:600) ~[na:na]
	at java.base/sun.net.www.http.HttpClient.<init>(HttpClient.java:246) ~[na:na]
	at java.base/sun.net.www.http.HttpClient.New(HttpClient.java:351) ~[na:na]
	at java.base/sun.net.www.http.HttpClient.New(HttpClient.java:372) ~[na:na]
	at java.base/sun.net.www.protocol.http.HttpURLConnection.getNewHttpClient(HttpURLConnection.java:1299) ~[na:na]
	at java.base/sun.net.www.protocol.http.HttpURLConnection.plainConnect0(HttpURLConnection.java:1232) ~[na:na]
	at java.base/sun.net.www.protocol.http.HttpURLConnection.plainConnect(HttpURLConnection.java:1120) ~[na:na]
	at java.base/sun.net.www.protocol.http.HttpURLConnection.connect(HttpURLConnection.java:1051) ~[na:na]
	at org.springframework.http.client.SimpleBufferingClientHttpRequest.executeInternal(SimpleBufferingClientHttpRequest.java:76) ~[spring-web-5.3.22.jar:5.3.22]
	at org.springframework.http.client.AbstractBufferingClientHttpRequest.executeInternal(AbstractBufferingClientHttpRequest.java:48) ~[spring-web-5.3.22.jar:5.3.22]
	at org.springframework.http.client.AbstractClientHttpRequest.execute(AbstractClientHttpRequest.java:66) ~[spring-web-5.3.22.jar:5.3.22]
	at org.springframework.web.client.RestTemplate.doExecute(RestTemplate.java:776) ~[spring-web-5.3.22.jar:5.3.22]
	... 11 common frames omitted

2022-08-23 12:46:39.933  INFO [PensionerDetailService,915fd270f6939da7,710dd0d9081b5fd3] 9320 --- [http-nio-9081-exec-3] c.c.m.p.c.PensionerDetailsController     : STARTED - findByAadhaarNumber
2022-08-23 12:46:39.958  INFO [PensionerDetailService,915fd270f6939da7,710dd0d9081b5fd3] 9320 --- [http-nio-9081-exec-3] c.c.m.p.c.PensionerDetailsController     : END - findByAadhaarNumber
2022-08-23 14:18:40.388  INFO [PensionerDetailService,,] 16264 --- [restartedMain] .c.m.p.PensionerDetailServiceApplication : Starting PensionerDetailServiceApplication using Java 16.0.1 on LAPTOP-BT1OS2KM with PID 16264 (C:\STUDY\Microservice\springcloudprojectzip\Online\download - raw\pensioner-detail-service\target\classes started by SATHYA KUMAR M in C:\STUDY\Microservice\springcloudprojectzip\Online\download - raw\pensioner-detail-service)
2022-08-23 14:18:40.392  INFO [PensionerDetailService,,] 16264 --- [restartedMain] .c.m.p.PensionerDetailServiceApplication : No active profile set, falling back to 1 default profile: "default"
2022-08-23 14:18:40.513  INFO [PensionerDetailService,,] 16264 --- [restartedMain] .e.DevToolsPropertyDefaultsPostProcessor : Devtools property defaults active! Set 'spring.devtools.add-properties' to 'false' to disable
2022-08-23 14:18:40.513  INFO [PensionerDetailService,,] 16264 --- [restartedMain] .e.DevToolsPropertyDefaultsPostProcessor : For additional web related logging consider setting the 'logging.level.web' property to 'DEBUG'
2022-08-23 14:18:42.696  INFO [PensionerDetailService,,] 16264 --- [restartedMain] .s.d.r.c.RepositoryConfigurationDelegate : Bootstrapping Spring Data JPA repositories in DEFAULT mode.
2022-08-23 14:18:42.797  INFO [PensionerDetailService,,] 16264 --- [restartedMain] .s.d.r.c.RepositoryConfigurationDelegate : Finished Spring Data repository scanning in 85 ms. Found 1 JPA repository interfaces.
2022-08-23 14:18:43.502  INFO [PensionerDetailService,,] 16264 --- [restartedMain] o.s.cloud.context.scope.GenericScope     : BeanFactory id=37ddf45d-47ba-31a0-b366-04366f2874dc
2022-08-23 14:18:45.500  INFO [PensionerDetailService,,] 16264 --- [restartedMain] o.s.b.w.embedded.tomcat.TomcatWebServer  : Tomcat initialized with port(s): 9081 (http)
2022-08-23 14:18:45.520  INFO [PensionerDetailService,,] 16264 --- [restartedMain] o.apache.catalina.core.StandardService   : Starting service [Tomcat]
2022-08-23 14:18:45.521  INFO [PensionerDetailService,,] 16264 --- [restartedMain] org.apache.catalina.core.StandardEngine  : Starting Servlet engine: [Apache Tomcat/9.0.65]
2022-08-23 14:18:45.764  INFO [PensionerDetailService,,] 16264 --- [restartedMain] o.a.c.c.C.[Tomcat].[localhost].[/]       : Initializing Spring embedded WebApplicationContext
2022-08-23 14:18:45.764  INFO [PensionerDetailService,,] 16264 --- [restartedMain] w.s.c.ServletWebServerApplicationContext : Root WebApplicationContext: initialization completed in 5250 ms
2022-08-23 14:18:46.206  INFO [PensionerDetailService,,] 16264 --- [restartedMain] com.zaxxer.hikari.HikariDataSource       : HikariPool-1 - Starting...
2022-08-23 14:18:46.613  INFO [PensionerDetailService,,] 16264 --- [restartedMain] com.zaxxer.hikari.HikariDataSource       : HikariPool-1 - Start completed.
2022-08-23 14:18:46.632  INFO [PensionerDetailService,,] 16264 --- [restartedMain] o.s.b.a.h2.H2ConsoleAutoConfiguration    : H2 console available at '/h2-console'. Database available at 'jdbc:h2:mem:testDB'
2022-08-23 14:18:47.479  WARN [PensionerDetailService,,] 16264 --- [pool-1-thread-1] o.s.c.s.a.z.ZipkinAutoConfiguration      : Check result of the [RestTemplateSender{http://localhost:9411/api/v2/spans}] contains an error [CheckResult{ok=false, error=org.springframework.web.client.ResourceAccessException: I/O error on POST request for "http://localhost:9411/api/v2/spans": Connection refused: no further information; nested exception is java.net.ConnectException: Connection refused: no further information}]
2022-08-23 14:18:48.424  INFO [PensionerDetailService,,] 16264 --- [restartedMain] o.hibernate.jpa.internal.util.LogHelper  : HHH000204: Processing PersistenceUnitInfo [name: default]
2022-08-23 14:18:48.586  INFO [PensionerDetailService,,] 16264 --- [restartedMain] org.hibernate.Version                    : HHH000412: Hibernate ORM core version 5.6.10.Final
2022-08-23 14:18:49.076  INFO [PensionerDetailService,,] 16264 --- [restartedMain] o.hibernate.annotations.common.Version   : HCANN000001: Hibernate Commons Annotations {5.1.2.Final}
2022-08-23 14:18:49.486  INFO [PensionerDetailService,,] 16264 --- [restartedMain] org.hibernate.dialect.Dialect            : HHH000400: Using dialect: org.hibernate.dialect.H2Dialect
2022-08-23 14:18:51.308  INFO [PensionerDetailService,,] 16264 --- [restartedMain] o.h.e.t.j.p.i.JtaPlatformInitiator       : HHH000490: Using JtaPlatform implementation: [org.hibernate.engine.transaction.jta.platform.internal.NoJtaPlatform]
2022-08-23 14:18:51.330  INFO [PensionerDetailService,,] 16264 --- [restartedMain] j.LocalContainerEntityManagerFactoryBean : Initialized JPA EntityManagerFactory for persistence unit 'default'
2022-08-23 14:18:52.813  INFO [PensionerDetailService,,] 16264 --- [restartedMain] c.c.m.p.s.PensionarDetailServiceImpl     : STARTED - savePensionerData
2022-08-23 14:18:53.162  INFO [PensionerDetailService,,] 16264 --- [restartedMain] c.c.m.p.s.PensionarDetailServiceImpl     : END - savePensionerData
2022-08-23 14:18:53.688  WARN [PensionerDetailService,,] 16264 --- [restartedMain] JpaBaseConfiguration$JpaWebConfiguration : spring.jpa.open-in-view is enabled by default. Therefore, database queries may be performed during view rendering. Explicitly configure spring.jpa.open-in-view to disable this warning
2022-08-23 14:18:53.905  WARN [PensionerDetailService,,] 16264 --- [restartedMain] o.s.b.d.a.OptionalLiveReloadServer       : Unable to start LiveReload server
2022-08-23 14:18:56.972  INFO [PensionerDetailService,,] 16264 --- [restartedMain] o.s.b.a.e.web.EndpointLinksResolver      : Exposing 1 endpoint(s) beneath base path '/actuator'
2022-08-23 14:18:57.105  INFO [PensionerDetailService,,] 16264 --- [restartedMain] o.s.b.w.embedded.tomcat.TomcatWebServer  : Tomcat started on port(s): 9081 (http) with context path ''
2022-08-23 14:18:57.413  INFO [PensionerDetailService,,] 16264 --- [restartedMain] .c.m.p.PensionerDetailServiceApplication : Started PensionerDetailServiceApplication in 18.041 seconds (JVM running for 19.781)
2022-08-23 15:27:41.920  WARN [PensionerDetailService,,] 16264 --- [HikariPool-1 housekeeper] com.zaxxer.hikari.pool.HikariPool        : HikariPool-1 - Thread starvation or clock leap detected (housekeeper delta=28m24s387ms150µs600ns).
2022-08-23 16:17:46.932  INFO [PensionerDetailService,,] 9460 --- [restartedMain] .c.m.p.PensionerDetailServiceApplication : Starting PensionerDetailServiceApplication using Java 16.0.1 on LAPTOP-BT1OS2KM with PID 9460 (C:\STUDY\Microservice\springcloudprojectzip\Online\download - raw\pensioner-detail-service\target\classes started by SATHYA KUMAR M in C:\STUDY\Microservice\springcloudprojectzip\Online\download - raw\pensioner-detail-service)
2022-08-23 16:17:46.934  INFO [PensionerDetailService,,] 9460 --- [restartedMain] .c.m.p.PensionerDetailServiceApplication : No active profile set, falling back to 1 default profile: "default"
2022-08-23 16:17:47.014  INFO [PensionerDetailService,,] 9460 --- [restartedMain] .e.DevToolsPropertyDefaultsPostProcessor : Devtools property defaults active! Set 'spring.devtools.add-properties' to 'false' to disable
2022-08-23 16:17:47.015  INFO [PensionerDetailService,,] 9460 --- [restartedMain] .e.DevToolsPropertyDefaultsPostProcessor : For additional web related logging consider setting the 'logging.level.web' property to 'DEBUG'
2022-08-23 16:17:48.366  INFO [PensionerDetailService,,] 9460 --- [restartedMain] .s.d.r.c.RepositoryConfigurationDelegate : Bootstrapping Spring Data JPA repositories in DEFAULT mode.
2022-08-23 16:17:48.429  INFO [PensionerDetailService,,] 9460 --- [restartedMain] .s.d.r.c.RepositoryConfigurationDelegate : Finished Spring Data repository scanning in 52 ms. Found 1 JPA repository interfaces.
2022-08-23 16:17:48.973  INFO [PensionerDetailService,,] 9460 --- [restartedMain] o.s.cloud.context.scope.GenericScope     : BeanFactory id=37ddf45d-47ba-31a0-b366-04366f2874dc
2022-08-23 16:17:50.557  INFO [PensionerDetailService,,] 9460 --- [restartedMain] o.s.b.w.embedded.tomcat.TomcatWebServer  : Tomcat initialized with port(s): 9081 (http)
2022-08-23 16:17:50.576  INFO [PensionerDetailService,,] 9460 --- [restartedMain] o.apache.catalina.core.StandardService   : Starting service [Tomcat]
2022-08-23 16:17:50.577  INFO [PensionerDetailService,,] 9460 --- [restartedMain] org.apache.catalina.core.StandardEngine  : Starting Servlet engine: [Apache Tomcat/9.0.65]
2022-08-23 16:17:50.801  INFO [PensionerDetailService,,] 9460 --- [restartedMain] o.a.c.c.C.[Tomcat].[localhost].[/]       : Initializing Spring embedded WebApplicationContext
2022-08-23 16:17:50.802  INFO [PensionerDetailService,,] 9460 --- [restartedMain] w.s.c.ServletWebServerApplicationContext : Root WebApplicationContext: initialization completed in 3787 ms
2022-08-23 16:17:51.108  INFO [PensionerDetailService,,] 9460 --- [restartedMain] com.zaxxer.hikari.HikariDataSource       : HikariPool-1 - Starting...
2022-08-23 16:17:51.374  INFO [PensionerDetailService,,] 9460 --- [restartedMain] com.zaxxer.hikari.HikariDataSource       : HikariPool-1 - Start completed.
2022-08-23 16:17:51.387  INFO [PensionerDetailService,,] 9460 --- [restartedMain] o.s.b.a.h2.H2ConsoleAutoConfiguration    : H2 console available at '/h2-console'. Database available at 'jdbc:h2:mem:testDB'
2022-08-23 16:17:51.916  WARN [PensionerDetailService,,] 9460 --- [pool-1-thread-1] o.s.c.s.a.z.ZipkinAutoConfiguration      : Check result of the [RestTemplateSender{http://localhost:9411/api/v2/spans}] contains an error [CheckResult{ok=false, error=org.springframework.web.client.ResourceAccessException: I/O error on POST request for "http://localhost:9411/api/v2/spans": Connection refused: no further information; nested exception is java.net.ConnectException: Connection refused: no further information}]
2022-08-23 16:17:52.366  INFO [PensionerDetailService,,] 9460 --- [restartedMain] o.hibernate.jpa.internal.util.LogHelper  : HHH000204: Processing PersistenceUnitInfo [name: default]
2022-08-23 16:17:52.424  INFO [PensionerDetailService,,] 9460 --- [restartedMain] org.hibernate.Version                    : HHH000412: Hibernate ORM core version 5.6.10.Final
2022-08-23 16:17:52.626  INFO [PensionerDetailService,,] 9460 --- [restartedMain] o.hibernate.annotations.common.Version   : HCANN000001: Hibernate Commons Annotations {5.1.2.Final}
2022-08-23 16:17:52.805  INFO [PensionerDetailService,,] 9460 --- [restartedMain] org.hibernate.dialect.Dialect            : HHH000400: Using dialect: org.hibernate.dialect.H2Dialect
2022-08-23 16:17:53.697  INFO [PensionerDetailService,,] 9460 --- [restartedMain] o.h.e.t.j.p.i.JtaPlatformInitiator       : HHH000490: Using JtaPlatform implementation: [org.hibernate.engine.transaction.jta.platform.internal.NoJtaPlatform]
2022-08-23 16:17:53.710  INFO [PensionerDetailService,,] 9460 --- [restartedMain] j.LocalContainerEntityManagerFactoryBean : Initialized JPA EntityManagerFactory for persistence unit 'default'
2022-08-23 16:17:54.262  INFO [PensionerDetailService,,] 9460 --- [restartedMain] c.c.m.p.s.PensionarDetailServiceImpl     : STARTED - savePensionerData
2022-08-23 16:17:54.440  INFO [PensionerDetailService,,] 9460 --- [restartedMain] c.c.m.p.s.PensionarDetailServiceImpl     : END - savePensionerData
2022-08-23 16:17:54.647  WARN [PensionerDetailService,,] 9460 --- [restartedMain] JpaBaseConfiguration$JpaWebConfiguration : spring.jpa.open-in-view is enabled by default. Therefore, database queries may be performed during view rendering. Explicitly configure spring.jpa.open-in-view to disable this warning
2022-08-23 16:17:54.750  WARN [PensionerDetailService,,] 9460 --- [restartedMain] o.s.b.d.a.OptionalLiveReloadServer       : Unable to start LiveReload server
2022-08-23 16:17:55.956  INFO [PensionerDetailService,,] 9460 --- [restartedMain] o.s.b.a.e.web.EndpointLinksResolver      : Exposing 1 endpoint(s) beneath base path '/actuator'
2022-08-23 16:17:56.025  INFO [PensionerDetailService,,] 9460 --- [restartedMain] o.s.b.w.embedded.tomcat.TomcatWebServer  : Tomcat started on port(s): 9081 (http) with context path ''
2022-08-23 16:17:56.157  INFO [PensionerDetailService,,] 9460 --- [restartedMain] .c.m.p.PensionerDetailServiceApplication : Started PensionerDetailServiceApplication in 9.841 seconds (JVM running for 10.73)
2022-08-23 16:20:32.176  INFO [PensionerDetailService,,] 9460 --- [File Watcher] rtingClassPathChangeChangedEventListener : Restarting due to 4 class path changes (0 additions, 0 deletions, 4 modifications)
2022-08-23 16:20:32.199  INFO [PensionerDetailService,,] 9460 --- [Thread-1] o.apache.catalina.core.StandardService   : Stopping service [Tomcat]
2022-08-23 16:20:32.203  WARN [PensionerDetailService,,] 9460 --- [Thread-1] o.a.c.loader.WebappClassLoaderBase       : The web application [ROOT] appears to have started a thread named [HikariPool-1 housekeeper] but has failed to stop it. This is very likely to create a memory leak. Stack trace of thread:
 java.base@16.0.1/jdk.internal.misc.Unsafe.park(Native Method)
 java.base@16.0.1/java.util.concurrent.locks.LockSupport.parkNanos(LockSupport.java:252)
 java.base@16.0.1/java.util.concurrent.locks.AbstractQueuedSynchronizer$ConditionObject.awaitNanos(AbstractQueuedSynchronizer.java:1661)
 java.base@16.0.1/java.util.concurrent.ScheduledThreadPoolExecutor$DelayedWorkQueue.take(ScheduledThreadPoolExecutor.java:1182)
 java.base@16.0.1/java.util.concurrent.ScheduledThreadPoolExecutor$DelayedWorkQueue.take(ScheduledThreadPoolExecutor.java:899)
 java.base@16.0.1/java.util.concurrent.ThreadPoolExecutor.getTask(ThreadPoolExecutor.java:1056)
 java.base@16.0.1/java.util.concurrent.ThreadPoolExecutor.runWorker(ThreadPoolExecutor.java:1116)
 java.base@16.0.1/java.util.concurrent.ThreadPoolExecutor$Worker.run(ThreadPoolExecutor.java:630)
 java.base@16.0.1/java.lang.Thread.run(Thread.java:831)
2022-08-23 16:20:32.204  WARN [PensionerDetailService,,] 9460 --- [Thread-1] o.a.c.loader.WebappClassLoaderBase       : The web application [ROOT] appears to have started a thread named [pool-1-thread-1] but has failed to stop it. This is very likely to create a memory leak. Stack trace of thread:
 java.base@16.0.1/jdk.internal.misc.Unsafe.park(Native Method)
 java.base@16.0.1/java.util.concurrent.locks.LockSupport.park(LockSupport.java:341)
 java.base@16.0.1/java.util.concurrent.locks.AbstractQueuedSynchronizer$ConditionNode.block(AbstractQueuedSynchronizer.java:505)
 java.base@16.0.1/java.util.concurrent.ForkJoinPool.managedBlock(ForkJoinPool.java:3137)
 java.base@16.0.1/java.util.concurrent.locks.AbstractQueuedSynchronizer$ConditionObject.await(AbstractQueuedSynchronizer.java:1614)
 java.base@16.0.1/java.util.concurrent.LinkedBlockingQueue.take(LinkedBlockingQueue.java:435)
 java.base@16.0.1/java.util.concurrent.ThreadPoolExecutor.getTask(ThreadPoolExecutor.java:1056)
 java.base@16.0.1/java.util.concurrent.ThreadPoolExecutor.runWorker(ThreadPoolExecutor.java:1116)
 java.base@16.0.1/java.util.concurrent.ThreadPoolExecutor$Worker.run(ThreadPoolExecutor.java:630)
 java.base@16.0.1/java.lang.Thread.run(Thread.java:831)
2022-08-23 16:20:32.214  INFO [PensionerDetailService,,] 9460 --- [Thread-1] j.LocalContainerEntityManagerFactoryBean : Closing JPA EntityManagerFactory for persistence unit 'default'
2022-08-23 16:20:32.428  WARN [PensionerDetailService,,] 9460 --- [Thread-1] o.s.b.f.support.DisposableBeanAdapter    : Invocation of destroy method failed on bean with name 'inMemoryDatabaseShutdownExecutor': org.h2.jdbc.JdbcSQLNonTransientConnectionException: Database is already closed (to disable automatic closing at VM shutdown, add ";DB_CLOSE_ON_EXIT=FALSE" to the db URL) [90121-214]
2022-08-23 16:20:33.447  INFO [PensionerDetailService,,] 9460 --- [Thread-1] com.zaxxer.hikari.HikariDataSource       : HikariPool-1 - Shutdown initiated...
2022-08-23 16:20:33.453  INFO [PensionerDetailService,,] 9460 --- [Thread-1] com.zaxxer.hikari.HikariDataSource       : HikariPool-1 - Shutdown completed.
2022-08-23 16:20:33.653  INFO [PensionerDetailService,,] 9460 --- [restartedMain] .c.m.p.PensionerDetailServiceApplication : Starting PensionerDetailServiceApplication using Java 16.0.1 on LAPTOP-BT1OS2KM with PID 9460 (C:\STUDY\Microservice\springcloudprojectzip\Online\download - raw\pensioner-detail-service\target\classes started by SATHYA KUMAR M in C:\STUDY\Microservice\springcloudprojectzip\Online\download - raw\pensioner-detail-service)
2022-08-23 16:20:33.654  INFO [PensionerDetailService,,] 9460 --- [restartedMain] .c.m.p.PensionerDetailServiceApplication : No active profile set, falling back to 1 default profile: "default"
2022-08-23 16:20:34.131  INFO [PensionerDetailService,,] 9460 --- [restartedMain] .s.d.r.c.RepositoryConfigurationDelegate : Bootstrapping Spring Data JPA repositories in DEFAULT mode.
2022-08-23 16:20:34.142  INFO [PensionerDetailService,,] 9460 --- [restartedMain] .s.d.r.c.RepositoryConfigurationDelegate : Finished Spring Data repository scanning in 10 ms. Found 1 JPA repository interfaces.
2022-08-23 16:20:34.275  INFO [PensionerDetailService,,] 9460 --- [restartedMain] o.s.cloud.context.scope.GenericScope     : BeanFactory id=37ddf45d-47ba-31a0-b366-04366f2874dc
2022-08-23 16:20:34.493  INFO [PensionerDetailService,,] 9460 --- [restartedMain] o.s.b.w.embedded.tomcat.TomcatWebServer  : Tomcat initialized with port(s): 9081 (http)
2022-08-23 16:20:34.494  INFO [PensionerDetailService,,] 9460 --- [restartedMain] o.apache.catalina.core.StandardService   : Starting service [Tomcat]
2022-08-23 16:20:34.495  INFO [PensionerDetailService,,] 9460 --- [restartedMain] org.apache.catalina.core.StandardEngine  : Starting Servlet engine: [Apache Tomcat/9.0.65]
2022-08-23 16:20:34.538  INFO [PensionerDetailService,,] 9460 --- [restartedMain] o.a.c.c.C.[Tomcat].[localhost].[/]       : Initializing Spring embedded WebApplicationContext
2022-08-23 16:20:34.538  INFO [PensionerDetailService,,] 9460 --- [restartedMain] w.s.c.ServletWebServerApplicationContext : Root WebApplicationContext: initialization completed in 880 ms
2022-08-23 16:20:34.667  INFO [PensionerDetailService,,] 9460 --- [restartedMain] com.zaxxer.hikari.HikariDataSource       : HikariPool-2 - Starting...
2022-08-23 16:20:34.669  INFO [PensionerDetailService,,] 9460 --- [restartedMain] com.zaxxer.hikari.HikariDataSource       : HikariPool-2 - Start completed.
2022-08-23 16:20:34.669  INFO [PensionerDetailService,,] 9460 --- [restartedMain] o.s.b.a.h2.H2ConsoleAutoConfiguration    : H2 console available at '/h2-console'. Database available at 'jdbc:h2:mem:testDB'
2022-08-23 16:20:34.995  WARN [PensionerDetailService,,] 9460 --- [pool-3-thread-1] o.s.c.s.a.z.ZipkinAutoConfiguration      : Check result of the [RestTemplateSender{http://localhost:9411/api/v2/spans}] contains an error [CheckResult{ok=false, error=org.springframework.web.client.ResourceAccessException: I/O error on POST request for "http://localhost:9411/api/v2/spans": Connection refused: no further information; nested exception is java.net.ConnectException: Connection refused: no further information}]
2022-08-23 16:20:35.209  INFO [PensionerDetailService,,] 9460 --- [restartedMain] o.hibernate.jpa.internal.util.LogHelper  : HHH000204: Processing PersistenceUnitInfo [name: default]
2022-08-23 16:20:35.219  INFO [PensionerDetailService,,] 9460 --- [restartedMain] org.hibernate.dialect.Dialect            : HHH000400: Using dialect: org.hibernate.dialect.H2Dialect
2022-08-23 16:20:35.264  INFO [PensionerDetailService,,] 9460 --- [restartedMain] o.h.e.t.j.p.i.JtaPlatformInitiator       : HHH000490: Using JtaPlatform implementation: [org.hibernate.engine.transaction.jta.platform.internal.NoJtaPlatform]
2022-08-23 16:20:35.264  INFO [PensionerDetailService,,] 9460 --- [restartedMain] j.LocalContainerEntityManagerFactoryBean : Initialized JPA EntityManagerFactory for persistence unit 'default'
2022-08-23 16:20:35.409  INFO [PensionerDetailService,,] 9460 --- [restartedMain] c.c.m.p.s.PensionarDetailServiceImpl     : STARTED - savePensionerData
2022-08-23 16:20:35.444  INFO [PensionerDetailService,,] 9460 --- [restartedMain] c.c.m.p.s.PensionarDetailServiceImpl     : END - savePensionerData
2022-08-23 16:20:35.496  WARN [PensionerDetailService,,] 9460 --- [restartedMain] JpaBaseConfiguration$JpaWebConfiguration : spring.jpa.open-in-view is enabled by default. Therefore, database queries may be performed during view rendering. Explicitly configure spring.jpa.open-in-view to disable this warning
2022-08-23 16:20:35.542  WARN [PensionerDetailService,,] 9460 --- [restartedMain] o.s.b.d.a.OptionalLiveReloadServer       : Unable to start LiveReload server
2022-08-23 16:20:36.334  INFO [PensionerDetailService,,] 9460 --- [restartedMain] o.s.b.a.e.web.EndpointLinksResolver      : Exposing 1 endpoint(s) beneath base path '/actuator'
2022-08-23 16:20:36.365  INFO [PensionerDetailService,,] 9460 --- [restartedMain] o.s.b.w.embedded.tomcat.TomcatWebServer  : Tomcat started on port(s): 9081 (http) with context path ''
2022-08-23 16:20:36.455  INFO [PensionerDetailService,,] 9460 --- [restartedMain] .c.m.p.PensionerDetailServiceApplication : Started PensionerDetailServiceApplication in 2.945 seconds (JVM running for 171.028)
2022-08-23 16:20:36.459  INFO [PensionerDetailService,,] 9460 --- [restartedMain] .ConditionEvaluationDeltaLoggingListener : Condition evaluation unchanged
2022-08-23 16:28:48.774  WARN [PensionerDetailService,,] 9460 --- [HikariPool-2 housekeeper] com.zaxxer.hikari.pool.HikariPool        : HikariPool-2 - Thread starvation or clock leap detected (housekeeper delta=5m43s971ms844µs).
2022-08-23 17:00:26.442  INFO [PensionerDetailService,,] 8920 --- [main] p.PensionerDetailServiceApplicationTests : Starting PensionerDetailServiceApplicationTests using Java 16.0.1 on LAPTOP-BT1OS2KM with PID 8920 (started by SATHYA KUMAR M in C:\STUDY\Microservice\springcloudprojectzip\Online\download - raw\pensioner-detail-service)
2022-08-23 17:00:26.444  INFO [PensionerDetailService,,] 8920 --- [main] p.PensionerDetailServiceApplicationTests : No active profile set, falling back to 1 default profile: "default"
2022-08-23 17:00:28.524  INFO [PensionerDetailService,,] 8920 --- [main] .s.d.r.c.RepositoryConfigurationDelegate : Bootstrapping Spring Data JPA repositories in DEFAULT mode.
2022-08-23 17:00:28.616  INFO [PensionerDetailService,,] 8920 --- [main] .s.d.r.c.RepositoryConfigurationDelegate : Finished Spring Data repository scanning in 74 ms. Found 1 JPA repository interfaces.
2022-08-23 17:00:29.296  INFO [PensionerDetailService,,] 8920 --- [main] o.s.cloud.context.scope.GenericScope     : BeanFactory id=cbc726d7-89d2-3d4c-99af-4e022d030413
2022-08-23 17:00:30.772  INFO [PensionerDetailService,,] 8920 --- [main] o.hibernate.jpa.internal.util.LogHelper  : HHH000204: Processing PersistenceUnitInfo [name: default]
2022-08-23 17:00:30.874  INFO [PensionerDetailService,,] 8920 --- [main] org.hibernate.Version                    : HHH000412: Hibernate ORM core version 5.6.10.Final
2022-08-23 17:00:31.219  INFO [PensionerDetailService,,] 8920 --- [main] o.hibernate.annotations.common.Version   : HCANN000001: Hibernate Commons Annotations {5.1.2.Final}
2022-08-23 17:00:31.507  INFO [PensionerDetailService,,] 8920 --- [main] com.zaxxer.hikari.HikariDataSource       : HikariPool-1 - Starting...
2022-08-23 17:00:31.937  INFO [PensionerDetailService,,] 8920 --- [main] com.zaxxer.hikari.HikariDataSource       : HikariPool-1 - Start completed.
2022-08-23 17:00:31.997  INFO [PensionerDetailService,,] 8920 --- [main] org.hibernate.dialect.Dialect            : HHH000400: Using dialect: org.hibernate.dialect.H2Dialect
2022-08-23 17:00:32.934  INFO [PensionerDetailService,,] 8920 --- [main] o.h.e.t.j.p.i.JtaPlatformInitiator       : HHH000490: Using JtaPlatform implementation: [org.hibernate.engine.transaction.jta.platform.internal.NoJtaPlatform]
2022-08-23 17:00:32.944  INFO [PensionerDetailService,,] 8920 --- [main] j.LocalContainerEntityManagerFactoryBean : Initialized JPA EntityManagerFactory for persistence unit 'default'
2022-08-23 17:00:33.761  INFO [PensionerDetailService,,] 8920 --- [main] c.c.m.p.s.PensionarDetailServiceImpl     : STARTED - savePensionerData
2022-08-23 17:00:34.400  INFO [PensionerDetailService,,] 8920 --- [main] c.c.m.p.s.PensionarDetailServiceImpl     : END - savePensionerData
2022-08-23 17:00:34.663  WARN [PensionerDetailService,,] 8920 --- [main] JpaBaseConfiguration$JpaWebConfiguration : spring.jpa.open-in-view is enabled by default. Therefore, database queries may be performed during view rendering. Explicitly configure spring.jpa.open-in-view to disable this warning
2022-08-23 17:00:34.918  INFO [PensionerDetailService,,] 8920 --- [main] o.s.b.a.h2.H2ConsoleAutoConfiguration    : H2 console available at '/h2-console'. Database available at 'jdbc:h2:mem:testDB'
2022-08-23 17:00:38.099  WARN [PensionerDetailService,,] 8920 --- [pool-1-thread-1] o.s.c.s.a.z.ZipkinAutoConfiguration      : Check result of the [RestTemplateSender{http://localhost:9411/api/v2/spans}] contains an error [CheckResult{ok=false, error=org.springframework.web.client.ResourceAccessException: I/O error on POST request for "http://localhost:9411/api/v2/spans": Connection refused: no further information; nested exception is java.net.ConnectException: Connection refused: no further information}]
2022-08-23 17:00:38.847  INFO [PensionerDetailService,,] 8920 --- [main] o.s.b.a.e.web.EndpointLinksResolver      : Exposing 1 endpoint(s) beneath base path '/actuator'
2022-08-23 17:00:39.003  INFO [PensionerDetailService,,] 8920 --- [main] p.PensionerDetailServiceApplicationTests : Started PensionerDetailServiceApplicationTests in 13.344 seconds (JVM running for 16.732)
2022-08-23 17:00:39.559  INFO [PensionerDetailService,,] 8920 --- [Thread-5] o.s.c.s.a.z.ZipkinAutoConfiguration      : Flushing remaining spans on shutdown
2022-08-23 17:00:40.593  INFO [PensionerDetailService,,] 8920 --- [SpringApplicationShutdownHook] j.LocalContainerEntityManagerFactoryBean : Closing JPA EntityManagerFactory for persistence unit 'default'
2022-08-23 17:00:40.597  INFO [PensionerDetailService,,] 8920 --- [SpringApplicationShutdownHook] com.zaxxer.hikari.HikariDataSource       : HikariPool-1 - Shutdown initiated...
2022-08-23 17:00:40.602  INFO [PensionerDetailService,,] 8920 --- [SpringApplicationShutdownHook] com.zaxxer.hikari.HikariDataSource       : HikariPool-1 - Shutdown completed.
2022-08-23 18:07:55.163  INFO [PensionerDetailService,,] 2300 --- [main] p.PensionerDetailServiceApplicationTests : Starting PensionerDetailServiceApplicationTests using Java 16.0.1 on LAPTOP-BT1OS2KM with PID 2300 (started by SATHYA KUMAR M in C:\STUDY\Microservice\springcloudprojectzip\Online\download - raw\pensioner-detail-service)
2022-08-23 18:07:55.165  INFO [PensionerDetailService,,] 2300 --- [main] p.PensionerDetailServiceApplicationTests : No active profile set, falling back to 1 default profile: "default"
2022-08-23 18:07:57.193  INFO [PensionerDetailService,,] 2300 --- [main] .s.d.r.c.RepositoryConfigurationDelegate : Bootstrapping Spring Data JPA repositories in DEFAULT mode.
2022-08-23 18:07:57.283  INFO [PensionerDetailService,,] 2300 --- [main] .s.d.r.c.RepositoryConfigurationDelegate : Finished Spring Data repository scanning in 75 ms. Found 1 JPA repository interfaces.
2022-08-23 18:07:57.991  INFO [PensionerDetailService,,] 2300 --- [main] o.s.cloud.context.scope.GenericScope     : BeanFactory id=cbc726d7-89d2-3d4c-99af-4e022d030413
2022-08-23 18:07:59.550  INFO [PensionerDetailService,,] 2300 --- [main] o.hibernate.jpa.internal.util.LogHelper  : HHH000204: Processing PersistenceUnitInfo [name: default]
2022-08-23 18:07:59.755  INFO [PensionerDetailService,,] 2300 --- [main] org.hibernate.Version                    : HHH000412: Hibernate ORM core version 5.6.10.Final
2022-08-23 18:08:00.188  INFO [PensionerDetailService,,] 2300 --- [main] o.hibernate.annotations.common.Version   : HCANN000001: Hibernate Commons Annotations {5.1.2.Final}
2022-08-23 18:08:00.905  INFO [PensionerDetailService,,] 2300 --- [main] com.zaxxer.hikari.HikariDataSource       : HikariPool-1 - Starting...
2022-08-23 18:08:01.400  INFO [PensionerDetailService,,] 2300 --- [main] com.zaxxer.hikari.HikariDataSource       : HikariPool-1 - Start completed.
2022-08-23 18:08:01.484  INFO [PensionerDetailService,,] 2300 --- [main] org.hibernate.dialect.Dialect            : HHH000400: Using dialect: org.hibernate.dialect.H2Dialect
2022-08-23 18:08:03.226  INFO [PensionerDetailService,,] 2300 --- [main] o.h.e.t.j.p.i.JtaPlatformInitiator       : HHH000490: Using JtaPlatform implementation: [org.hibernate.engine.transaction.jta.platform.internal.NoJtaPlatform]
2022-08-23 18:08:03.262  INFO [PensionerDetailService,,] 2300 --- [main] j.LocalContainerEntityManagerFactoryBean : Initialized JPA EntityManagerFactory for persistence unit 'default'
2022-08-23 18:08:04.250  INFO [PensionerDetailService,,] 2300 --- [main] c.c.m.p.s.PensionarDetailServiceImpl     : STARTED - savePensionerData
2022-08-23 18:08:04.916  INFO [PensionerDetailService,,] 2300 --- [main] c.c.m.p.s.PensionarDetailServiceImpl     : END - savePensionerData
2022-08-23 18:08:05.204  WARN [PensionerDetailService,,] 2300 --- [main] JpaBaseConfiguration$JpaWebConfiguration : spring.jpa.open-in-view is enabled by default. Therefore, database queries may be performed during view rendering. Explicitly configure spring.jpa.open-in-view to disable this warning
2022-08-23 18:08:05.521  INFO [PensionerDetailService,,] 2300 --- [main] o.s.b.a.h2.H2ConsoleAutoConfiguration    : H2 console available at '/h2-console'. Database available at 'jdbc:h2:mem:testDB'
2022-08-23 18:08:09.354  WARN [PensionerDetailService,,] 2300 --- [pool-1-thread-1] o.s.c.s.a.z.ZipkinAutoConfiguration      : Check result of the [RestTemplateSender{http://localhost:9411/api/v2/spans}] contains an error [CheckResult{ok=false, error=org.springframework.web.client.ResourceAccessException: I/O error on POST request for "http://localhost:9411/api/v2/spans": Connection refused: no further information; nested exception is java.net.ConnectException: Connection refused: no further information}]
2022-08-23 18:08:10.262  INFO [PensionerDetailService,,] 2300 --- [main] o.s.b.a.e.web.EndpointLinksResolver      : Exposing 1 endpoint(s) beneath base path '/actuator'
2022-08-23 18:08:10.432  INFO [PensionerDetailService,,] 2300 --- [main] p.PensionerDetailServiceApplicationTests : Started PensionerDetailServiceApplicationTests in 16.577 seconds (JVM running for 19.484)
2022-08-23 18:08:10.903  INFO [PensionerDetailService,,] 2300 --- [Thread-5] o.s.c.s.a.z.ZipkinAutoConfiguration      : Flushing remaining spans on shutdown
2022-08-23 18:08:11.933  INFO [PensionerDetailService,,] 2300 --- [SpringApplicationShutdownHook] j.LocalContainerEntityManagerFactoryBean : Closing JPA EntityManagerFactory for persistence unit 'default'
2022-08-23 18:08:11.940  INFO [PensionerDetailService,,] 2300 --- [SpringApplicationShutdownHook] com.zaxxer.hikari.HikariDataSource       : HikariPool-1 - Shutdown initiated...
2022-08-23 18:08:11.951  INFO [PensionerDetailService,,] 2300 --- [SpringApplicationShutdownHook] com.zaxxer.hikari.HikariDataSource       : HikariPool-1 - Shutdown completed.
